<?xml version="1.0" encoding="UTF-8"?>
<testsuite name="com.example.demo.DemoApplicationTests" tests="1" skipped="0" failures="0" errors="0" timestamp="2020-12-26T14:28:52" hostname="LAPTOP-Q3SO0HE6" time="0.007">
  <properties/>
  <testcase name="contextLoads()" classname="com.example.demo.DemoApplicationTests" time="0.007"/>
  <system-out><![CDATA[2020-12-26 23:28:50.782  INFO 10012 --- [    Test worker] .b.t.c.SpringBootTestContextBootstrapper : Neither @ContextConfiguration nor @ContextHierarchy found for test class [com.example.demo.DemoApplicationTests], using SpringBootContextLoader
2020-12-26 23:28:50.787  INFO 10012 --- [    Test worker] o.s.t.c.support.AbstractContextLoader    : Could not detect default resource locations for test class [com.example.demo.DemoApplicationTests]: no resource found for suffixes {-context.xml, Context.groovy}.
2020-12-26 23:28:50.788  INFO 10012 --- [    Test worker] t.c.s.AnnotationConfigContextLoaderUtils : Could not detect default configuration classes for test class [com.example.demo.DemoApplicationTests]: DemoApplicationTests does not declare any static, non-private, non-final, nested classes annotated with @Configuration.
2020-12-26 23:28:50.796  INFO 10012 --- [    Test worker] .b.t.c.SpringBootTestContextBootstrapper : Found @SpringBootConfiguration com.example.demo.DemoApplication for test class com.example.demo.DemoApplicationTests
2020-12-26 23:28:50.801  INFO 10012 --- [    Test worker] .b.t.c.SpringBootTestContextBootstrapper : Loaded default TestExecutionListener class names from location [META-INF/spring.factories]: [org.springframework.security.test.context.support.WithSecurityContextTestExecutionListener, org.springframework.security.test.context.support.ReactorContextTestExecutionListener, org.springframework.boot.test.autoconfigure.restdocs.RestDocsTestExecutionListener, org.springframework.boot.test.autoconfigure.web.client.MockRestServiceServerResetTestExecutionListener, org.springframework.boot.test.autoconfigure.web.servlet.MockMvcPrintOnlyOnFailureTestExecutionListener, org.springframework.boot.test.autoconfigure.web.servlet.WebDriverTestExecutionListener, org.springframework.boot.test.autoconfigure.webservices.client.MockWebServiceServerTestExecutionListener, org.springframework.boot.test.mock.mockito.MockitoTestExecutionListener, org.springframework.boot.test.mock.mockito.ResetMocksTestExecutionListener, org.springframework.test.context.web.ServletTestExecutionListener, org.springframework.test.context.support.DirtiesContextBeforeModesTestExecutionListener, org.springframework.test.context.support.DependencyInjectionTestExecutionListener, org.springframework.test.context.support.DirtiesContextTestExecutionListener, org.springframework.test.context.transaction.TransactionalTestExecutionListener, org.springframework.test.context.jdbc.SqlScriptsTestExecutionListener, org.springframework.test.context.event.EventPublishingTestExecutionListener]
2020-12-26 23:28:50.803  INFO 10012 --- [    Test worker] .b.t.c.SpringBootTestContextBootstrapper : Using TestExecutionListeners: [org.springframework.test.context.web.ServletTestExecutionListener@76e547fa, org.springframework.test.context.support.DirtiesContextBeforeModesTestExecutionListener@65ffd9a0, org.springframework.boot.test.mock.mockito.MockitoTestExecutionListener@6b9c080b, org.springframework.boot.test.autoconfigure.SpringBootDependencyInjectionTestExecutionListener@77e4d6f8, org.springframework.test.context.support.DirtiesContextTestExecutionListener@2be29569, org.springframework.test.context.transaction.TransactionalTestExecutionListener@304b6b6c, org.springframework.test.context.jdbc.SqlScriptsTestExecutionListener@3b9ce13e, org.springframework.security.test.context.support.WithSecurityContextTestExecutionListener@6a9ea3a3, org.springframework.test.context.event.EventPublishingTestExecutionListener@55683a44, org.springframework.security.test.context.support.ReactorContextTestExecutionListener@3e133b8e, org.springframework.boot.test.autoconfigure.restdocs.RestDocsTestExecutionListener@625aa863, org.springframework.boot.test.autoconfigure.web.client.MockRestServiceServerResetTestExecutionListener@7d469c30, org.springframework.boot.test.autoconfigure.web.servlet.MockMvcPrintOnlyOnFailureTestExecutionListener@696823c6, org.springframework.boot.test.autoconfigure.web.servlet.WebDriverTestExecutionListener@4e80aa2e, org.springframework.boot.test.autoconfigure.webservices.client.MockWebServiceServerTestExecutionListener@792e0a2d, org.springframework.boot.test.mock.mockito.ResetMocksTestExecutionListener@3040ae24]

  .   ____          _            __ _ _
 /\\ / ___'_ __ _ _(_)_ __  __ _ \ \ \ \
( ( )\___ | '_ | '_| | '_ \/ _` | \ \ \ \
 \\/  ___)| |_)| | | | | || (_| |  ) ) ) )
  '  |____| .__|_| |_|_| |_\__, | / / / /
 =========|_|==============|___/=/_/_/_/
 :: Spring Boot ::        (v2.3.6.RELEASE)

2020-12-26 23:28:50.906  INFO 10012 --- [    Test worker] com.example.demo.DemoApplicationTests    : Starting DemoApplicationTests on LAPTOP-Q3SO0HE6 with PID 10012 (started by 임동진 in C:\Users\임동진\Desktop\프로그래밍\Example\demo)
2020-12-26 23:28:50.906  INFO 10012 --- [    Test worker] com.example.demo.DemoApplicationTests    : No active profile set, falling back to default profiles: default
2020-12-26 23:28:51.255  INFO 10012 --- [    Test worker] .s.d.r.c.RepositoryConfigurationDelegate : Bootstrapping Spring Data JPA repositories in DEFERRED mode.
2020-12-26 23:28:51.300  INFO 10012 --- [    Test worker] .s.d.r.c.RepositoryConfigurationDelegate : Finished Spring Data repository scanning in 44ms. Found 2 JPA repository interfaces.
2020-12-26 23:28:51.531  INFO 10012 --- [    Test worker] o.s.s.concurrent.ThreadPoolTaskExecutor  : Initializing ExecutorService 'applicationTaskExecutor'
2020-12-26 23:28:51.534  INFO 10012 --- [    Test worker] com.zaxxer.hikari.HikariDataSource       : HikariPool-2 - Starting...
2020-12-26 23:28:51.538  INFO 10012 --- [    Test worker] com.zaxxer.hikari.HikariDataSource       : HikariPool-2 - Start completed.
2020-12-26 23:28:51.577  INFO 10012 --- [         task-1] o.hibernate.jpa.internal.util.LogHelper  : HHH000204: Processing PersistenceUnitInfo [name: default]
2020-12-26 23:28:51.595  INFO 10012 --- [         task-1] org.hibernate.dialect.Dialect            : HHH000400: Using dialect: org.hibernate.dialect.H2Dialect
Hibernate: drop table if exists posts CASCADE 
Hibernate: drop table if exists user CASCADE 
Hibernate: create table posts (id bigint generated by default as identity, create_date timestamp, modified_date timestamp, author varchar(255), content TEXT not null, title varchar(500) not null, primary key (id))
Hibernate: create table user (id bigint generated by default as identity, create_date timestamp, modified_date timestamp, email varchar(255) not null, name varchar(255) not null, picture varchar(255), role varchar(255) not null, primary key (id))
2020-12-26 23:28:51.660  INFO 10012 --- [         task-1] o.h.e.t.j.p.i.JtaPlatformInitiator       : HHH000490: Using JtaPlatform implementation: [org.hibernate.engine.transaction.jta.platform.internal.NoJtaPlatform]
2020-12-26 23:28:51.661  INFO 10012 --- [         task-1] j.LocalContainerEntityManagerFactoryBean : Initialized JPA EntityManagerFactory for persistence unit 'default'
2020-12-26 23:28:51.701  WARN 10012 --- [    Test worker] JpaBaseConfiguration$JpaWebConfiguration : spring.jpa.open-in-view is enabled by default. Therefore, database queries may be performed during view rendering. Explicitly configure spring.jpa.open-in-view to disable this warning
2020-12-26 23:28:51.957  INFO 10012 --- [    Test worker] o.s.s.web.DefaultSecurityFilterChain     : Creating filter chain: any request, [org.springframework.security.web.context.request.async.WebAsyncManagerIntegrationFilter@2e2504c5, org.springframework.security.web.context.SecurityContextPersistenceFilter@326ad139, org.springframework.security.web.header.HeaderWriterFilter@7bcd974e, org.springframework.security.web.authentication.logout.LogoutFilter@21185c9a, org.springframework.security.oauth2.client.web.OAuth2AuthorizationRequestRedirectFilter@14402dd, org.springframework.security.oauth2.client.web.OAuth2LoginAuthenticationFilter@714e933f, org.springframework.security.web.authentication.ui.DefaultLoginPageGeneratingFilter@3bb471e7, org.springframework.security.web.authentication.ui.DefaultLogoutPageGeneratingFilter@4f88b2d8, org.springframework.security.web.savedrequest.RequestCacheAwareFilter@66e306c3, org.springframework.security.web.servletapi.SecurityContextHolderAwareRequestFilter@71839ab6, org.springframework.security.web.authentication.AnonymousAuthenticationFilter@6efb131e, org.springframework.security.web.session.SessionManagementFilter@3c7ed079, org.springframework.security.web.access.ExceptionTranslationFilter@327cc42b, org.springframework.security.web.access.intercept.FilterSecurityInterceptor@4f35cf26]
2020-12-26 23:28:52.263  INFO 10012 --- [    Test worker] o.s.b.a.h2.H2ConsoleAutoConfiguration    : H2 console available at '/h2-console'. Database available at 'jdbc:h2:mem:e3d55367-bbd4-4d3b-98d5-04dc9f10ef0b'
2020-12-26 23:28:52.299  INFO 10012 --- [    Test worker] o.s.b.a.w.s.WelcomePageHandlerMapping    : Adding welcome page template: index
2020-12-26 23:28:52.685  INFO 10012 --- [    Test worker] DeferredRepositoryInitializationListener : Triggering deferred initialization of Spring Data repositories…
2020-12-26 23:28:52.745  INFO 10012 --- [    Test worker] DeferredRepositoryInitializationListener : Spring Data repositories initialized!
2020-12-26 23:28:52.747  INFO 10012 --- [    Test worker] s.a.ScheduledAnnotationBeanPostProcessor : No TaskScheduler/ScheduledExecutorService bean found for scheduled processing
2020-12-26 23:28:52.748  INFO 10012 --- [    Test worker] com.example.demo.DemoApplicationTests    : Started DemoApplicationTests in 1.929 seconds (JVM running for 13.641)
Hibernate: insert into posts (id, create_date, modified_date, author, content, title) values (null, ?, ?, ?, ?, ?)
]]></system-out>
  <system-err><![CDATA[]]></system-err>
</testsuite>
