<?xml version="1.0" encoding="UTF-8"?>
<testsuite name="com.example.demo.IndexControllerTest" tests="5" skipped="0" failures="0" errors="0" timestamp="2020-12-26T14:28:52" hostname="LAPTOP-Q3SO0HE6" time="0.278">
  <properties/>
  <testcase name="메인페이지_로딩()" classname="com.example.demo.IndexControllerTest" time="0.238"/>
  <testcase name="변경()" classname="com.example.demo.IndexControllerTest" time="0.004"/>
  <testcase name="삭제()" classname="com.example.demo.IndexControllerTest" time="0.005"/>
  <testcase name="전체조회()" classname="com.example.demo.IndexControllerTest" time="0.021"/>
  <testcase name="게시글_삽입()" classname="com.example.demo.IndexControllerTest" time="0.006"/>
  <system-out><![CDATA[2020-12-26 23:28:52.858  INFO 10012 --- [    Test worker] .b.t.c.SpringBootTestContextBootstrapper : Neither @ContextConfiguration nor @ContextHierarchy found for test class [com.example.demo.IndexControllerTest], using SpringBootContextLoader
2020-12-26 23:28:52.860  INFO 10012 --- [    Test worker] o.s.t.c.support.AbstractContextLoader    : Could not detect default resource locations for test class [com.example.demo.IndexControllerTest]: no resource found for suffixes {-context.xml, Context.groovy}.
2020-12-26 23:28:52.861  INFO 10012 --- [    Test worker] t.c.s.AnnotationConfigContextLoaderUtils : Could not detect default configuration classes for test class [com.example.demo.IndexControllerTest]: IndexControllerTest does not declare any static, non-private, non-final, nested classes annotated with @Configuration.
2020-12-26 23:28:52.863  INFO 10012 --- [    Test worker] .b.t.c.SpringBootTestContextBootstrapper : Found @SpringBootConfiguration com.example.demo.DemoApplication for test class com.example.demo.IndexControllerTest
2020-12-26 23:28:52.865  INFO 10012 --- [    Test worker] .b.t.c.SpringBootTestContextBootstrapper : Loaded default TestExecutionListener class names from location [META-INF/spring.factories]: [org.springframework.security.test.context.support.WithSecurityContextTestExecutionListener, org.springframework.security.test.context.support.ReactorContextTestExecutionListener, org.springframework.boot.test.autoconfigure.restdocs.RestDocsTestExecutionListener, org.springframework.boot.test.autoconfigure.web.client.MockRestServiceServerResetTestExecutionListener, org.springframework.boot.test.autoconfigure.web.servlet.MockMvcPrintOnlyOnFailureTestExecutionListener, org.springframework.boot.test.autoconfigure.web.servlet.WebDriverTestExecutionListener, org.springframework.boot.test.autoconfigure.webservices.client.MockWebServiceServerTestExecutionListener, org.springframework.boot.test.mock.mockito.MockitoTestExecutionListener, org.springframework.boot.test.mock.mockito.ResetMocksTestExecutionListener, org.springframework.test.context.web.ServletTestExecutionListener, org.springframework.test.context.support.DirtiesContextBeforeModesTestExecutionListener, org.springframework.test.context.support.DependencyInjectionTestExecutionListener, org.springframework.test.context.support.DirtiesContextTestExecutionListener, org.springframework.test.context.transaction.TransactionalTestExecutionListener, org.springframework.test.context.jdbc.SqlScriptsTestExecutionListener, org.springframework.test.context.event.EventPublishingTestExecutionListener]
2020-12-26 23:28:52.867  INFO 10012 --- [    Test worker] .b.t.c.SpringBootTestContextBootstrapper : Using TestExecutionListeners: [org.springframework.test.context.web.ServletTestExecutionListener@31f0c8cb, org.springframework.test.context.support.DirtiesContextBeforeModesTestExecutionListener@76d06c73, org.springframework.boot.test.mock.mockito.MockitoTestExecutionListener@72021c97, org.springframework.boot.test.autoconfigure.SpringBootDependencyInjectionTestExecutionListener@860f0a1, org.springframework.test.context.support.DirtiesContextTestExecutionListener@3fe1c7f6, org.springframework.test.context.transaction.TransactionalTestExecutionListener@4aa7978d, org.springframework.test.context.jdbc.SqlScriptsTestExecutionListener@28a3dcea, org.springframework.security.test.context.support.WithSecurityContextTestExecutionListener@27c9d4a7, org.springframework.test.context.event.EventPublishingTestExecutionListener@16a679df, org.springframework.security.test.context.support.ReactorContextTestExecutionListener@60cb8f79, org.springframework.boot.test.autoconfigure.restdocs.RestDocsTestExecutionListener@56395b06, org.springframework.boot.test.autoconfigure.web.client.MockRestServiceServerResetTestExecutionListener@3f3cd18a, org.springframework.boot.test.autoconfigure.web.servlet.MockMvcPrintOnlyOnFailureTestExecutionListener@1af13f33, org.springframework.boot.test.autoconfigure.web.servlet.WebDriverTestExecutionListener@26fddb53, org.springframework.boot.test.autoconfigure.webservices.client.MockWebServiceServerTestExecutionListener@3a8055e1, org.springframework.boot.test.mock.mockito.ResetMocksTestExecutionListener@63e973ba]
2020-12-26 23:28:53.025  INFO 10012 --- [o-auto-1-exec-1] o.a.c.c.C.[Tomcat].[localhost].[/]       : Initializing Spring DispatcherServlet 'dispatcherServlet'
2020-12-26 23:28:53.025  INFO 10012 --- [o-auto-1-exec-1] o.s.web.servlet.DispatcherServlet        : Initializing Servlet 'dispatcherServlet'
2020-12-26 23:28:53.026  INFO 10012 --- [o-auto-1-exec-1] o.s.web.servlet.DispatcherServlet        : Completed initialization in 1 ms
Hibernate: select posts0_.id as id1_0_, posts0_.create_date as create_d2_0_, posts0_.modified_date as modified3_0_, posts0_.author as author4_0_, posts0_.content as content5_0_, posts0_.title as title6_0_ from posts posts0_ order by posts0_.modified_date desc limit ?
Hibernate: insert into posts (id, create_date, modified_date, author, content, title) values (null, ?, ?, ?, ?, ?)
Hibernate: select posts0_.id as id1_0_, posts0_.create_date as create_d2_0_, posts0_.modified_date as modified3_0_, posts0_.author as author4_0_, posts0_.content as content5_0_, posts0_.title as title6_0_ from posts posts0_ order by posts0_.modified_date desc limit ?
<!DOCTYPE HTML>
<html>
<head>
    <title>스프링부트 웹서비스</title>
    <meta http-equiv="Content-Type" content="text/html; charset=UTF-8" />

    <link rel="stylesheet" href="https://stackpath.bootstrapcdn.com/bootstrap/4.3.1/css/bootstrap.min.css">
</head>
<body>
<h1>스프링부트로 시작하는 웹 서비스 Ver.2</h1>
<div class="col-md-12">
    <div class="row">
        <div class="col-md-6">
            <a href="/posts/save" role="button" class="btn btn-primary">
                글 등록
            </a>

                <a href="/oauth2/authorization/google" class="btn btn-success active" role="button">Google Login</a>
                <a href="/oauth2/authorization/naver" class="btn btn-secondary active" role="button">Naver Login</a>
        </div>
    </div>
    <br>
    <table class="table table-horizontal table-bordered">
        <thread class="thread-strong">
            <tr>
                <th>게시글번호</th>
                <th>제목</th>
                <th>작성자</th>
                <th>최종수정일</th>
            </tr>
        </thread>
        <tbody id="tbody">
            <tr>
                <td>4</td>
                <td><a href="/posts/update/4">title</a></td>
                <td>author</td>
                <td>2020-12-26T23:28:53.126736</td>
            </tr>
            
            <form action="" method="get">
                <input type="submit" name="page" value="1">
            </form>
        
        </tbody>
    </table>
</div>
<script src="https://code.jquery.com/jquery-3.3.1.min.js"></script>
<script src="https://stackpath.bootstrapcdn.com/bootstrap/4.3.1/js/bootstrap.min.js"></script>

<script src="/js/app/index2.js"></script>
</body>
</html>
]]></system-out>
  <system-err><![CDATA[]]></system-err>
</testsuite>
